  mesh_view.cc
gluitd.lib(freeglut_callbacks.obj) : warning LNK4099: PDB 'gluit.pdb' was not found with 'gluitd.lib(freeglut_callbacks.obj)' or at 'C:\Users\GraphicsLab\source\repos\gpu_suggestive_contours\src\sc_viewer\msvc\Debug\gluit.pdb'; linking object as if no debug info
gluitd.lib(freeglut_cursor.obj) : warning LNK4099: PDB 'gluit.pdb' was not found with 'gluitd.lib(freeglut_cursor.obj)' or at 'C:\Users\GraphicsLab\source\repos\gpu_suggestive_contours\src\sc_viewer\msvc\Debug\gluit.pdb'; linking object as if no debug info
gluitd.lib(freeglut_display.obj) : warning LNK4099: PDB 'gluit.pdb' was not found with 'gluitd.lib(freeglut_display.obj)' or at 'C:\Users\GraphicsLab\source\repos\gpu_suggestive_contours\src\sc_viewer\msvc\Debug\gluit.pdb'; linking object as if no debug info
gluitd.lib(freeglut_font.obj) : warning LNK4099: PDB 'gluit.pdb' was not found with 'gluitd.lib(freeglut_font.obj)' or at 'C:\Users\GraphicsLab\source\repos\gpu_suggestive_contours\src\sc_viewer\msvc\Debug\gluit.pdb'; linking object as if no debug info
gluitd.lib(freeglut_font_data.obj) : warning LNK4099: PDB 'gluit.pdb' was not found with 'gluitd.lib(freeglut_font_data.obj)' or at 'C:\Users\GraphicsLab\source\repos\gpu_suggestive_contours\src\sc_viewer\msvc\Debug\gluit.pdb'; linking object as if no debug info
gluitd.lib(freeglut_gamemode.obj) : warning LNK4099: PDB 'gluit.pdb' was not found with 'gluitd.lib(freeglut_gamemode.obj)' or at 'C:\Users\GraphicsLab\source\repos\gpu_suggestive_contours\src\sc_viewer\msvc\Debug\gluit.pdb'; linking object as if no debug info
gluitd.lib(freeglut_init.obj) : warning LNK4099: PDB 'gluit.pdb' was not found with 'gluitd.lib(freeglut_init.obj)' or at 'C:\Users\GraphicsLab\source\repos\gpu_suggestive_contours\src\sc_viewer\msvc\Debug\gluit.pdb'; linking object as if no debug info
gluitd.lib(freeglut_input_devices.obj) : warning LNK4099: PDB 'gluit.pdb' was not found with 'gluitd.lib(freeglut_input_devices.obj)' or at 'C:\Users\GraphicsLab\source\repos\gpu_suggestive_contours\src\sc_viewer\msvc\Debug\gluit.pdb'; linking object as if no debug info
gluitd.lib(freeglut_joystick.obj) : warning LNK4099: PDB 'gluit.pdb' was not found with 'gluitd.lib(freeglut_joystick.obj)' or at 'C:\Users\GraphicsLab\source\repos\gpu_suggestive_contours\src\sc_viewer\msvc\Debug\gluit.pdb'; linking object as if no debug info
gluitd.lib(freeglut_main.obj) : warning LNK4099: PDB 'gluit.pdb' was not found with 'gluitd.lib(freeglut_main.obj)' or at 'C:\Users\GraphicsLab\source\repos\gpu_suggestive_contours\src\sc_viewer\msvc\Debug\gluit.pdb'; linking object as if no debug info
gluitd.lib(freeglut_menu.obj) : warning LNK4099: PDB 'gluit.pdb' was not found with 'gluitd.lib(freeglut_menu.obj)' or at 'C:\Users\GraphicsLab\source\repos\gpu_suggestive_contours\src\sc_viewer\msvc\Debug\gluit.pdb'; linking object as if no debug info
gluitd.lib(freeglut_spaceball.obj) : warning LNK4099: PDB 'gluit.pdb' was not found with 'gluitd.lib(freeglut_spaceball.obj)' or at 'C:\Users\GraphicsLab\source\repos\gpu_suggestive_contours\src\sc_viewer\msvc\Debug\gluit.pdb'; linking object as if no debug info
gluitd.lib(freeglut_state.obj) : warning LNK4099: PDB 'gluit.pdb' was not found with 'gluitd.lib(freeglut_state.obj)' or at 'C:\Users\GraphicsLab\source\repos\gpu_suggestive_contours\src\sc_viewer\msvc\Debug\gluit.pdb'; linking object as if no debug info
gluitd.lib(freeglut_stroke_mono_roman.obj) : warning LNK4099: PDB 'gluit.pdb' was not found with 'gluitd.lib(freeglut_stroke_mono_roman.obj)' or at 'C:\Users\GraphicsLab\source\repos\gpu_suggestive_contours\src\sc_viewer\msvc\Debug\gluit.pdb'; linking object as if no debug info
gluitd.lib(freeglut_stroke_roman.obj) : warning LNK4099: PDB 'gluit.pdb' was not found with 'gluitd.lib(freeglut_stroke_roman.obj)' or at 'C:\Users\GraphicsLab\source\repos\gpu_suggestive_contours\src\sc_viewer\msvc\Debug\gluit.pdb'; linking object as if no debug info
gluitd.lib(freeglut_structure.obj) : warning LNK4099: PDB 'gluit.pdb' was not found with 'gluitd.lib(freeglut_structure.obj)' or at 'C:\Users\GraphicsLab\source\repos\gpu_suggestive_contours\src\sc_viewer\msvc\Debug\gluit.pdb'; linking object as if no debug info
gluitd.lib(freeglut_window.obj) : warning LNK4099: PDB 'gluit.pdb' was not found with 'gluitd.lib(freeglut_window.obj)' or at 'C:\Users\GraphicsLab\source\repos\gpu_suggestive_contours\src\sc_viewer\msvc\Debug\gluit.pdb'; linking object as if no debug info
trimeshd.lib(GLCamera.obj) : warning LNK4099: PDB 'libsrc.pdb' was not found with 'trimeshd.lib(GLCamera.obj)' or at 'C:\Users\GraphicsLab\source\repos\gpu_suggestive_contours\src\sc_viewer\msvc\Debug\libsrc.pdb'; linking object as if no debug info
trimeshd.lib(GLManager.obj) : warning LNK4099: PDB 'libsrc.pdb' was not found with 'trimeshd.lib(GLManager.obj)' or at 'C:\Users\GraphicsLab\source\repos\gpu_suggestive_contours\src\sc_viewer\msvc\Debug\libsrc.pdb'; linking object as if no debug info
trimeshd.lib(ICP.obj) : warning LNK4099: PDB 'libsrc.pdb' was not found with 'trimeshd.lib(ICP.obj)' or at 'C:\Users\GraphicsLab\source\repos\gpu_suggestive_contours\src\sc_viewer\msvc\Debug\libsrc.pdb'; linking object as if no debug info
trimeshd.lib(KDtree.obj) : warning LNK4099: PDB 'libsrc.pdb' was not found with 'trimeshd.lib(KDtree.obj)' or at 'C:\Users\GraphicsLab\source\repos\gpu_suggestive_contours\src\sc_viewer\msvc\Debug\libsrc.pdb'; linking object as if no debug info
trimeshd.lib(remove.obj) : warning LNK4099: PDB 'libsrc.pdb' was not found with 'trimeshd.lib(remove.obj)' or at 'C:\Users\GraphicsLab\source\repos\gpu_suggestive_contours\src\sc_viewer\msvc\Debug\libsrc.pdb'; linking object as if no debug info
trimeshd.lib(reorder_verts.obj) : warning LNK4099: PDB 'libsrc.pdb' was not found with 'trimeshd.lib(reorder_verts.obj)' or at 'C:\Users\GraphicsLab\source\repos\gpu_suggestive_contours\src\sc_viewer\msvc\Debug\libsrc.pdb'; linking object as if no debug info
trimeshd.lib(TriMesh_bounding.obj) : warning LNK4099: PDB 'libsrc.pdb' was not found with 'trimeshd.lib(TriMesh_bounding.obj)' or at 'C:\Users\GraphicsLab\source\repos\gpu_suggestive_contours\src\sc_viewer\msvc\Debug\libsrc.pdb'; linking object as if no debug info
trimeshd.lib(TriMesh_connectivity.obj) : warning LNK4099: PDB 'libsrc.pdb' was not found with 'trimeshd.lib(TriMesh_connectivity.obj)' or at 'C:\Users\GraphicsLab\source\repos\gpu_suggestive_contours\src\sc_viewer\msvc\Debug\libsrc.pdb'; linking object as if no debug info
trimeshd.lib(TriMesh_grid.obj) : warning LNK4099: PDB 'libsrc.pdb' was not found with 'trimeshd.lib(TriMesh_grid.obj)' or at 'C:\Users\GraphicsLab\source\repos\gpu_suggestive_contours\src\sc_viewer\msvc\Debug\libsrc.pdb'; linking object as if no debug info
trimeshd.lib(TriMesh_io.obj) : warning LNK4099: PDB 'libsrc.pdb' was not found with 'trimeshd.lib(TriMesh_io.obj)' or at 'C:\Users\GraphicsLab\source\repos\gpu_suggestive_contours\src\sc_viewer\msvc\Debug\libsrc.pdb'; linking object as if no debug info
trimeshd.lib(TriMesh_normals.obj) : warning LNK4099: PDB 'libsrc.pdb' was not found with 'trimeshd.lib(TriMesh_normals.obj)' or at 'C:\Users\GraphicsLab\source\repos\gpu_suggestive_contours\src\sc_viewer\msvc\Debug\libsrc.pdb'; linking object as if no debug info
trimeshd.lib(TriMesh_pointareas.obj) : warning LNK4099: PDB 'libsrc.pdb' was not found with 'trimeshd.lib(TriMesh_pointareas.obj)' or at 'C:\Users\GraphicsLab\source\repos\gpu_suggestive_contours\src\sc_viewer\msvc\Debug\libsrc.pdb'; linking object as if no debug info
trimeshd.lib(TriMesh_stats.obj) : warning LNK4099: PDB 'libsrc.pdb' was not found with 'trimeshd.lib(TriMesh_stats.obj)' or at 'C:\Users\GraphicsLab\source\repos\gpu_suggestive_contours\src\sc_viewer\msvc\Debug\libsrc.pdb'; linking object as if no debug info
trimeshd.lib(TriMesh_tstrips.obj) : warning LNK4099: PDB 'libsrc.pdb' was not found with 'trimeshd.lib(TriMesh_tstrips.obj)' or at 'C:\Users\GraphicsLab\source\repos\gpu_suggestive_contours\src\sc_viewer\msvc\Debug\libsrc.pdb'; linking object as if no debug info
  sc_viewer.vcxproj -> C:\Users\GraphicsLab\source\repos\gpu_suggestive_contours\src\sc_viewer\msvc\Debug\sc_viewer.exe
